c:\users\nicholas\downloads\glutapp2d\visualc14\obj\glutapp2d_debug\vc140.pdb
c:\users\nicholas\downloads\glutapp2d\visualc14\obj\glutapp2d_debug\vc140.idb
c:\users\nicholas\downloads\glutapp2d\visualc14\obj\glutapp2d_debug\ogl_tools.obj
c:\users\nicholas\downloads\glutapp2d\visualc14\obj\glutapp2d_debug\gs_vec.obj
c:\users\nicholas\downloads\glutapp2d\visualc14\obj\glutapp2d_debug\gs_mat.obj
c:\users\nicholas\downloads\glutapp2d\visualc14\obj\glutapp2d_debug\gs_color.obj
c:\users\nicholas\downloads\glutapp2d\visualc14\obj\glutapp2d_debug\gs.obj
c:\users\nicholas\downloads\glutapp2d\visualc14\obj\glutapp2d_debug\glut_window.obj
c:\users\nicholas\downloads\glutapp2d\visualc14\obj\glutapp2d_debug\app_window.obj
c:\users\nicholas\downloads\glutapp2d\visualc14\obj\glutapp2d_debug\app_main.obj
c:\users\nicholas\downloads\glutapp2d\visualc14\obj\glutapp2d_debug\glutapp2d.ilk
c:\users\nicholas\downloads\glutapp2d\visualc14\obj\glutapp2d_debug\glutapp2d.exe
c:\users\nicholas\downloads\glutapp2d\visualc14\obj\glutapp2d_debug\glutapp2d.pdb
c:\users\nicholas\downloads\glutapp2d\visualc14\obj\glutapp2d_debug\nativecodeanalysis.read.1.tlog
c:\users\nicholas\downloads\glutapp2d\visualc14\obj\glutapp2d_debug\app_main.nativecodeanalysis.xml
c:\users\nicholas\downloads\glutapp2d\visualc14\obj\glutapp2d_debug\app_window.nativecodeanalysis.xml
c:\users\nicholas\downloads\glutapp2d\visualc14\obj\glutapp2d_debug\glut_window.nativecodeanalysis.xml
c:\users\nicholas\downloads\glutapp2d\visualc14\obj\glutapp2d_debug\gs.nativecodeanalysis.xml
c:\users\nicholas\downloads\glutapp2d\visualc14\obj\glutapp2d_debug\gs_color.nativecodeanalysis.xml
c:\users\nicholas\downloads\glutapp2d\visualc14\obj\glutapp2d_debug\gs_mat.nativecodeanalysis.xml
c:\users\nicholas\downloads\glutapp2d\visualc14\obj\glutapp2d_debug\gs_vec.nativecodeanalysis.xml
c:\users\nicholas\downloads\glutapp2d\visualc14\obj\glutapp2d_debug\ogl_tools.nativecodeanalysis.xml
c:\users\nicholas\downloads\glutapp2d\visualc14\obj\glutapp2d_debug\vc.nativecodeanalysis.all.xml
c:\users\nicholas\downloads\glutapp2d\visualc14\obj\glutapp2d_debug\glutapp2d.tlog\cl.command.1.tlog
c:\users\nicholas\downloads\glutapp2d\visualc14\obj\glutapp2d_debug\glutapp2d.tlog\cl.read.1.tlog
c:\users\nicholas\downloads\glutapp2d\visualc14\obj\glutapp2d_debug\glutapp2d.tlog\cl.write.1.tlog
c:\users\nicholas\downloads\glutapp2d\visualc14\obj\glutapp2d_debug\glutapp2d.tlog\link.command.1.tlog
c:\users\nicholas\downloads\glutapp2d\visualc14\obj\glutapp2d_debug\glutapp2d.tlog\link.read.1.tlog
c:\users\nicholas\downloads\glutapp2d\visualc14\obj\glutapp2d_debug\glutapp2d.tlog\link.write.1.tlog
